This is pdfTeX, Version 3.141592653-2.6-1.40.25 (MiKTeX 24.1) (preloaded format=pdflatex 2024.3.6)  14 MAR 2024 23:17
entering extended mode
 restricted \write18 enabled.
 %&-line parsing enabled.
**./main.tex
(main.tex
LaTeX2e <2023-11-01> patch level 1
L3 programming layer <2024-01-04>
(C:\Users\Baranalp\AppData\Local\Programs\MiKTeX\tex/latex/base\article.cls
Document Class: article 2023/05/17 v1.4n Standard LaTeX document class
(C:\Users\Baranalp\AppData\Local\Programs\MiKTeX\tex/latex/base\size12.clo
File: size12.clo 2023/05/17 v1.4n Standard LaTeX file (size option)
)
\c@part=\count187
\c@section=\count188
\c@subsection=\count189
\c@subsubsection=\count190
\c@paragraph=\count191
\c@subparagraph=\count192
\c@figure=\count193
\c@table=\count194
\abovecaptionskip=\skip48
\belowcaptionskip=\skip49
\bibindent=\dimen140
)
(C:\Users\Baranalp\AppData\Local\Programs\MiKTeX\tex/latex/base\fontenc.sty
Package: fontenc 2021/04/29 v2.0v Standard LaTeX package
)
(C:\Users\Baranalp\AppData\Local\Programs\MiKTeX\tex/latex/natbib\natbib.sty
Package: natbib 2010/09/13 8.31b (PWD, AO)
\bibhang=\skip50
\bibsep=\skip51
LaTeX Info: Redefining \cite on input line 694.
\c@NAT@ctr=\count195
)
(C:\Users\Baranalp\AppData\Local\Programs\MiKTeX\tex/latex/graphics\graphicx.st
y
Package: graphicx 2021/09/16 v1.2d Enhanced LaTeX Graphics (DPC,SPQR)

(C:\Users\Baranalp\AppData\Local\Programs\MiKTeX\tex/latex/graphics\keyval.sty
Package: keyval 2022/05/29 v1.15 key=value parser (DPC)
\KV@toks@=\toks17
)
(C:\Users\Baranalp\AppData\Local\Programs\MiKTeX\tex/latex/graphics\graphics.st
y
Package: graphics 2022/03/10 v1.4e Standard LaTeX Graphics (DPC,SPQR)
 (C:\Users\Baranalp\AppData\Local\Programs\MiKTeX\tex/latex/graphics\trig.sty
Package: trig 2021/08/11 v1.11 sin cos tan (DPC)
)
(C:\Users\Baranalp\AppData\Local\Programs\MiKTeX\tex/latex/graphics-cfg\graphic
s.cfg
File: graphics.cfg 2016/06/04 v1.11 sample graphics configuration
)
Package graphics Info: Driver file: pdftex.def on input line 107.

(C:\Users\Baranalp\AppData\Local\Programs\MiKTeX\tex/latex/graphics-def\pdftex.
def
File: pdftex.def 2022/09/22 v1.2b Graphics/color driver for pdftex
))
\Gin@req@height=\dimen141
\Gin@req@width=\dimen142
)
(C:\Users\Baranalp\AppData\Local\Programs\MiKTeX\tex/latex/pdflscape\pdflscape.
sty
Package: pdflscape 2022-10-27 v0.13 Display of landscape pages in PDF

(C:\Users\Baranalp\AppData\Local\Programs\MiKTeX\tex/latex/pdflscape\pdflscape-
nometadata.sty
Package: pdflscape-nometadata 2022-10-28 v0.13 Display of landscape pages in PD
F (HO)

(C:\Users\Baranalp\AppData\Local\Programs\MiKTeX\tex/generic/iftex\iftex.sty
Package: iftex 2022/02/03 v1.0f TeX engine tests
)
(C:\Users\Baranalp\AppData\Local\Programs\MiKTeX\tex/latex/graphics\lscape.sty
Package: lscape 2020/05/28 v3.02 Landscape Pages (DPC)
)
Package pdflscape Info: Auto-detected driver: pdftex on input line 81.
))
(C:\Users\Baranalp\AppData\Local\Programs\MiKTeX\tex/latex/amsmath\amsmath.sty
Package: amsmath 2023/05/13 v2.17o AMS math features
\@mathmargin=\skip52

For additional information on amsmath, use the `?' option.
(C:\Users\Baranalp\AppData\Local\Programs\MiKTeX\tex/latex/amsmath\amstext.sty
Package: amstext 2021/08/26 v2.01 AMS text

(C:\Users\Baranalp\AppData\Local\Programs\MiKTeX\tex/latex/amsmath\amsgen.sty
File: amsgen.sty 1999/11/30 v2.0 generic functions
\@emptytoks=\toks18
\ex@=\dimen143
)) (C:\Users\Baranalp\AppData\Local\Programs\MiKTeX\tex/latex/amsmath\amsbsy.st
y
Package: amsbsy 1999/11/29 v1.2d Bold Symbols
\pmbraise@=\dimen144
) (C:\Users\Baranalp\AppData\Local\Programs\MiKTeX\tex/latex/amsmath\amsopn.sty
Package: amsopn 2022/04/08 v2.04 operator names
)
\inf@bad=\count196
LaTeX Info: Redefining \frac on input line 234.
\uproot@=\count197
\leftroot@=\count198
LaTeX Info: Redefining \overline on input line 399.
LaTeX Info: Redefining \colon on input line 410.
\classnum@=\count199
\DOTSCASE@=\count266
LaTeX Info: Redefining \ldots on input line 496.
LaTeX Info: Redefining \dots on input line 499.
LaTeX Info: Redefining \cdots on input line 620.
\Mathstrutbox@=\box51
\strutbox@=\box52
LaTeX Info: Redefining \big on input line 722.
LaTeX Info: Redefining \Big on input line 723.
LaTeX Info: Redefining \bigg on input line 724.
LaTeX Info: Redefining \Bigg on input line 725.
\big@size=\dimen145
LaTeX Font Info:    Redeclaring font encoding OML on input line 743.
LaTeX Font Info:    Redeclaring font encoding OMS on input line 744.
\macc@depth=\count267
LaTeX Info: Redefining \bmod on input line 905.
LaTeX Info: Redefining \pmod on input line 910.
LaTeX Info: Redefining \smash on input line 940.
LaTeX Info: Redefining \relbar on input line 970.
LaTeX Info: Redefining \Relbar on input line 971.
\c@MaxMatrixCols=\count268
\dotsspace@=\muskip16
\c@parentequation=\count269
\dspbrk@lvl=\count270
\tag@help=\toks19
\row@=\count271
\column@=\count272
\maxfields@=\count273
\andhelp@=\toks20
\eqnshift@=\dimen146
\alignsep@=\dimen147
\tagshift@=\dimen148
\tagwidth@=\dimen149
\totwidth@=\dimen150
\lineht@=\dimen151
\@envbody=\toks21
\multlinegap=\skip53
\multlinetaggap=\skip54
\mathdisplay@stack=\toks22
LaTeX Info: Redefining \[ on input line 2953.
LaTeX Info: Redefining \] on input line 2954.
)
(C:\Users\Baranalp\AppData\Local\Programs\MiKTeX\tex/latex/l3backend\l3backend-
pdftex.def
File: l3backend-pdftex.def 2024-01-04 L3 backend support: PDF output (pdfTeX)
\l__color_backend_stack_int=\count274
\l__pdf_internal_box=\box53
) (main.aux

LaTeX Warning: Label `fig:grafik' multiply defined.


LaTeX Warning: Label `fig:grafik' multiply defined.


LaTeX Warning: Label `fig:grafik' multiply defined.

)
\openout1 = `main.aux'.

LaTeX Font Info:    Checking defaults for OML/cmm/m/it on input line 13.
LaTeX Font Info:    ... okay on input line 13.
LaTeX Font Info:    Checking defaults for OMS/cmsy/m/n on input line 13.
LaTeX Font Info:    ... okay on input line 13.
LaTeX Font Info:    Checking defaults for OT1/cmr/m/n on input line 13.
LaTeX Font Info:    ... okay on input line 13.
LaTeX Font Info:    Checking defaults for T1/cmr/m/n on input line 13.
LaTeX Font Info:    ... okay on input line 13.
LaTeX Font Info:    Checking defaults for TS1/cmr/m/n on input line 13.
LaTeX Font Info:    ... okay on input line 13.
LaTeX Font Info:    Checking defaults for OMX/cmex/m/n on input line 13.
LaTeX Font Info:    ... okay on input line 13.
LaTeX Font Info:    Checking defaults for U/cmr/m/n on input line 13.
LaTeX Font Info:    ... okay on input line 13.

(C:\Users\Baranalp\AppData\Local\Programs\MiKTeX\tex/context/base/mkii\supp-pdf
.mkii
[Loading MPS to PDF converter (version 2006.09.02).]
\scratchcounter=\count275
\scratchdimen=\dimen152
\scratchbox=\box54
\nofMPsegments=\count276
\nofMParguments=\count277
\everyMPshowfont=\toks23
\MPscratchCnt=\count278
\MPscratchDim=\dimen153
\MPnumerator=\count279
\makeMPintoPDFobject=\count280
\everyMPtoPDFconversion=\toks24
)
(C:\Users\Baranalp\AppData\Local\Programs\MiKTeX\tex/latex/epstopdf-pkg\epstopd
f-base.sty
Package: epstopdf-base 2020-01-24 v2.11 Base part for package epstopdf

(C:\Users\Baranalp\AppData\Local\Programs\MiKTeX\tex/generic/infwarerr\infwarer
r.sty
Package: infwarerr 2019/12/03 v1.5 Providing info/warning/error messages (HO)
)
(C:\Users\Baranalp\AppData\Local\Programs\MiKTeX\tex/latex/grfext\grfext.sty
Package: grfext 2019/12/03 v1.3 Manage graphics extensions (HO)

(C:\Users\Baranalp\AppData\Local\Programs\MiKTeX\tex/generic/kvdefinekeys\kvdef
inekeys.sty
Package: kvdefinekeys 2019-12-19 v1.6 Define keys (HO)
))
(C:\Users\Baranalp\AppData\Local\Programs\MiKTeX\tex/latex/kvoptions\kvoptions.
sty
Package: kvoptions 2022-06-15 v3.15 Key value format for package options (HO)

(C:\Users\Baranalp\AppData\Local\Programs\MiKTeX\tex/generic/ltxcmds\ltxcmds.st
y
Package: ltxcmds 2023-12-04 v1.26 LaTeX kernel commands for general use (HO)
)
(C:\Users\Baranalp\AppData\Local\Programs\MiKTeX\tex/latex/kvsetkeys\kvsetkeys.
sty
Package: kvsetkeys 2022-10-05 v1.19 Key value parser (HO)
))
(C:\Users\Baranalp\AppData\Local\Programs\MiKTeX\tex/generic/pdftexcmds\pdftexc
mds.sty
Package: pdftexcmds 2020-06-27 v0.33 Utility functions of pdfTeX for LuaTeX (HO
)
Package pdftexcmds Info: \pdf@primitive is available.
Package pdftexcmds Info: \pdf@ifprimitive is available.
Package pdftexcmds Info: \pdfdraftmode found.
)
Package epstopdf-base Info: Redefining graphics rule for `.eps' on input line 4
85.
Package grfext Info: Graphics extension search list:
(grfext)             [.pdf,.png,.jpg,.mps,.jpeg,.jbig2,.jb2,.PDF,.PNG,.JPG,.JPE
G,.JBIG2,.JB2,.eps]
(grfext)             \AppendGraphicsExtensions on input line 504.

(C:\Users\Baranalp\AppData\Local\Programs\MiKTeX\tex/latex/00miktex\epstopdf-sy
s.cfg
File: epstopdf-sys.cfg 2021/03/18 v2.0 Configuration of epstopdf for MiKTeX
))
<ksbu.jpg, id=1, 170.6375pt x 171.64125pt>
File: ksbu.jpg Graphic file (type jpg)
<use ksbu.jpg>
Package pdftex.def Info: ksbu.jpg  used on input line 16.
(pdftex.def)             Requested size: 170.63707pt x 171.64081pt.
 [1

{C:/Users/Baranalp/AppData/Local/MiKTeX/fonts/map/pdftex/pdftex.map} <./ksbu.jp
g>]
Overfull \hbox (4.90598pt too wide) in paragraph at lines 33--50
\T1/cmr/m/n/12 etk-i-lerini azalt-mak amac^^Yyla, in-san-lar^^Yn man-tar kul-la
n^^Ym^^Ynda bilgi sahibi
 []

[2

]
Overfull \hbox (5.5851pt too wide) in paragraph at lines 68--72
[]\T1/cmr/m/n/12 Son y^^Yl-larda, nesne tespiti ve De-sen Anal-izi alan^^Ynda k
ap-saml^^Y bir çal^^Y³ma
 []


Overfull \hbox (7.25577pt too wide) in paragraph at lines 68--72
\T1/cmr/m/n/12 nesne tan^^Yma ve de-sen anal-izi alan^^Ynda makine ö§ren-imi ve
 de-rin ö§renme
 []


Overfull \hbox (5.05397pt too wide) in paragraph at lines 68--72
\T1/cmr/m/n/12 yap-t^^Yk. Nesne tespi-tini, s^^Yn^^Yf olas^^Yl^^Yk-lar^^Yn^^Y v
e s^^Yn^^Yr-lay^^Yc^^Y ku-tu-lar^^Y mekansal
 []


Overfull \hbox (24.81091pt too wide) in paragraph at lines 68--72
\T1/cmr/m/n/12 Tabakalar ve dikkat mekaniz-malar^^Yn^^Y de-rin-le³tir-erek, küç
ük hedef kusurlar^^Yn^^Y
 []

[3

]
<bird.png, id=16, 855.195pt x 322.20375pt>
File: bird.png Graphic file (type png)
<use bird.png>
Package pdftex.def Info: bird.png  used on input line 75.
(pdftex.def)             Requested size: 390.0pt x 146.93724pt.
<model.png, id=18, 853.1875pt x 457.71pt>
File: model.png Graphic file (type png)
<use model.png>
Package pdftex.def Info: model.png  used on input line 82.
(pdftex.def)             Requested size: 390.0pt x 209.22917pt.
<union.jpg, id=19, 1156.32pt x 329.73187pt>
File: union.jpg Graphic file (type jpg)
<use union.jpg>
Package pdftex.def Info: union.jpg  used on input line 93.
(pdftex.def)             Requested size: 428.99622pt x 473.61606pt.

Overfull \hbox (38.99622pt too wide) in paragraph at lines 93--94
 [][] 
 []


LaTeX Warning: `h' float specifier changed to `ht'.

[4 <./bird.png> <./model.png>]
Overfull \hbox (13.83441pt too wide) in paragraph at lines 110--111
[]\T1/cmr/m/n/12 Modelin Ex-port Edilmesi: E§i-tilmi³ Ten-sor-Flow mod-elinin C
++ taraf^^Ynda
 []


Overfull \hbox (8.56073pt too wide) in paragraph at lines 110--111
\T1/cmr/m/n/12 kul-lan^^Yla-bilmesi için önce-likle mod-elin uy-gun bir for-mat
ta ex-port edilmesi
 []


Overfull \hbox (6.82747pt too wide) in paragraph at lines 110--111
\T1/cmr/m/n/12 gerekir. Ten-sor-Flow, Saved-Model veya Frozen-Graph for-mat-lar
^^Yn^^Y destek-
 []


Overfull \hbox (6.60294pt too wide) in paragraph at lines 112--113
\T1/cmr/m/n/12 le³tire-bilmek için girdi görün-tü-lerin uy-gun for-matta haz^^Y
r-lan-mas^^Y gerekir.
 []


Overfull \hbox (3.3051pt too wide) in paragraph at lines 112--113
\T1/cmr/m/n/12 ve Ten-sor-Flow taraf^^Yn-dan kul-lan^^Yla-bilen bir veri yap^^Y
s^^Yna dönü³türülmesi
 []

[5]
Overfull \hbox (1.31319pt too wide) in paragraph at lines 128--129
[]\T1/cmr/m/n/12 Bu çal^^Y³-mada, toplamda 35MB boyu-tunda 10 farkl^^Y meyve tü
rünün
 []

<train.png, id=28, 1015.3935pt x 321.6015pt>
File: train.png Graphic file (type png)
<use train.png>
Package pdftex.def Info: train.png  used on input line 142.
(pdftex.def)             Requested size: 406.1502pt x 128.6383pt.

Overfull \hbox (71.37459pt too wide) in paragraph at lines 142--143
[] 
 []

[6 <./train.png>] [7 <./union.jpg>]
Overfull \hbox (2.81076pt too wide) in paragraph at lines 153--155
\T1/cmr/m/n/12 mak-tad^^Yr. Pro-jenin ba³ar^^Yl^^Y ol-mas^^Y du-ru-munda, geli³
tir-ilen görüntü
 []


Overfull \hbox (0.52658pt too wide) in paragraph at lines 153--155
\T1/cmr/m/n/12 yük-sek do§ru-luk sa§lay-a-ca§^^Y öngörülmek-te-dir. Bu sonuçlar
, meyve
 []


Overfull \hbox (9.02356pt too wide) in paragraph at lines 153--155
\T1/cmr/m/n/12 tan^^Yma ve al-g^^Ylama konusun-daki ya-pay zeka teknolo-jisinin
 geli³imine
 []

<expectation.png, id=41, 1015.3935pt x 321.6015pt>
File: expectation.png Graphic file (type png)
<use expectation.png>
Package pdftex.def Info: expectation.png  used on input line 158.
(pdftex.def)             Requested size: 545.99762pt x 172.93103pt.

Overfull \hbox (155.99762pt too wide) in paragraph at lines 158--159
[][] 
 []

[8

 <./expectation.png>]
<gant.png, id=46, 1015.3935pt x 321.6015pt>
File: gant.png Graphic file (type png)
<use gant.png>
Package pdftex.def Info: gant.png  used on input line 172.
(pdftex.def)             Requested size: 1015.39102pt x 321.60071pt.

Overfull \hbox (423.39102pt too wide) in paragraph at lines 172--173
 [] 
 []

[9 <./gant.png>] (main.bbl) [10


] (main.aux)
 ***********
LaTeX2e <2023-11-01> patch level 1
L3 programming layer <2024-01-04>
 ***********


LaTeX Warning: There were multiply-defined labels.

 ) 
Here is how much of TeX's memory you used:
 3306 strings out of 474486
 52007 string characters out of 5742340
 1932542 words of memory out of 5000000
 25553 multiletter control sequences out of 15000+600000
 569243 words of font info for 62 fonts, out of 8000000 for 9000
 1141 hyphenation exceptions out of 8191
 66i,6n,69p,1403b,493s stack positions out of 10000i,1000n,20000p,200000b,200000s
 <C:\Users\Baranalp\AppData\Local\MiKTeX\fonts/pk/ljfour/jknappen/ec/dpi600\e
cti1200.pk> <C:\Users\Baranalp\AppData\Local\MiKTeX\fonts/pk/ljfour/jknappen/ec
/dpi600\tcrm1200.pk> <C:\Users\Baranalp\AppData\Local\MiKTeX\fonts/pk/ljfour/jk
nappen/ec/dpi600\ecrm1200.pk> <C:\Users\Baranalp\AppData\Local\MiKTeX\fonts/pk/
ljfour/jknappen/ec/dpi600\ecbx1728.pk> <C:\Users\Baranalp\AppData\Local\MiKTeX\
fonts/pk/ljfour/jknappen/ec/dpi600\ecrm1440.pk> <C:\Users\Baranalp\AppData\Loca
l\MiKTeX\fonts/pk/ljfour/jknappen/ec/dpi600\ecrm2074.pk><C:/Users/Baranalp/AppD
ata/Local/Programs/MiKTeX/fonts/type1/public/amsfonts/cm/cmmi12.pfb><C:/Users/B
aranalp/AppData/Local/Programs/MiKTeX/fonts/type1/public/amsfonts/cm/cmr12.pfb>
<C:/Users/Baranalp/AppData/Local/Programs/MiKTeX/fonts/type1/public/amsfonts/cm
/cmsy10.pfb>
Output written on main.pdf (10 pages, 1562005 bytes).
PDF statistics:
 293 PDF objects out of 1000 (max. 8388607)
 0 named destinations out of 1000 (max. 500000)
 36 words of extra memory for PDF output out of 10000 (max. 10000000)

