This is pdfTeX, Version 3.141592653-2.6-1.40.25 (MiKTeX 24.1) (preloaded format=pdflatex 2024.2.22)  14 MAR 2024 11:32
entering extended mode
 restricted \write18 enabled.
 %&-line parsing enabled.
**./template_Article.tex
(template_Article.tex
LaTeX2e <2023-11-01> patch level 1
L3 programming layer <2024-01-04>
(C:\Users\Celal\AppData\Local\Programs\MiKTeX\tex/latex/base\article.cls
Document Class: article 2023/05/17 v1.4n Standard LaTeX document class
(C:\Users\Celal\AppData\Local\Programs\MiKTeX\tex/latex/base\size12.clo
File: size12.clo 2023/05/17 v1.4n Standard LaTeX file (size option)
)
\c@part=\count187
\c@section=\count188
\c@subsection=\count189
\c@subsubsection=\count190
\c@paragraph=\count191
\c@subparagraph=\count192
\c@figure=\count193
\c@table=\count194
\abovecaptionskip=\skip48
\belowcaptionskip=\skip49
\bibindent=\dimen140
)
(C:\Users\Celal\AppData\Local\Programs\MiKTeX\tex/latex/graphics\graphicx.sty
Package: graphicx 2021/09/16 v1.2d Enhanced LaTeX Graphics (DPC,SPQR)

(C:\Users\Celal\AppData\Local\Programs\MiKTeX\tex/latex/graphics\keyval.sty
Package: keyval 2022/05/29 v1.15 key=value parser (DPC)
\KV@toks@=\toks17
)
(C:\Users\Celal\AppData\Local\Programs\MiKTeX\tex/latex/graphics\graphics.sty
Package: graphics 2022/03/10 v1.4e Standard LaTeX Graphics (DPC,SPQR)

(C:\Users\Celal\AppData\Local\Programs\MiKTeX\tex/latex/graphics\trig.sty
Package: trig 2021/08/11 v1.11 sin cos tan (DPC)
)
(C:\Users\Celal\AppData\Local\Programs\MiKTeX\tex/latex/graphics-cfg\graphics.c
fg
File: graphics.cfg 2016/06/04 v1.11 sample graphics configuration
)
Package graphics Info: Driver file: pdftex.def on input line 107.

(C:\Users\Celal\AppData\Local\Programs\MiKTeX\tex/latex/graphics-def\pdftex.def
File: pdftex.def 2022/09/22 v1.2b Graphics/color driver for pdftex
))
\Gin@req@height=\dimen141
\Gin@req@width=\dimen142
) (C:\Users\Celal\AppData\Local\Programs\MiKTeX\tex/latex/url\url.sty
\Urlmuskip=\muskip16
Package: url 2013/09/16  ver 3.4  Verb mode for urls, etc.
)
(C:\Users\Celal\AppData\Local\Programs\MiKTeX\tex/latex/l3backend\l3backend-pdf
tex.def
File: l3backend-pdftex.def 2024-01-04 L3 backend support: PDF output (pdfTeX)
\l__color_backend_stack_int=\count195
\l__pdf_internal_box=\box51
) (template_Article.aux)
\openout1 = `template_Article.aux'.

LaTeX Font Info:    Checking defaults for OML/cmm/m/it on input line 12.
LaTeX Font Info:    ... okay on input line 12.
LaTeX Font Info:    Checking defaults for OMS/cmsy/m/n on input line 12.
LaTeX Font Info:    ... okay on input line 12.
LaTeX Font Info:    Checking defaults for OT1/cmr/m/n on input line 12.
LaTeX Font Info:    ... okay on input line 12.
LaTeX Font Info:    Checking defaults for T1/cmr/m/n on input line 12.
LaTeX Font Info:    ... okay on input line 12.
LaTeX Font Info:    Checking defaults for TS1/cmr/m/n on input line 12.
LaTeX Font Info:    ... okay on input line 12.
LaTeX Font Info:    Checking defaults for OMX/cmex/m/n on input line 12.
LaTeX Font Info:    ... okay on input line 12.
LaTeX Font Info:    Checking defaults for U/cmr/m/n on input line 12.
LaTeX Font Info:    ... okay on input line 12.

(C:\Users\Celal\AppData\Local\Programs\MiKTeX\tex/context/base/mkii\supp-pdf.mk
ii
[Loading MPS to PDF converter (version 2006.09.02).]
\scratchcounter=\count196
\scratchdimen=\dimen143
\scratchbox=\box52
\nofMPsegments=\count197
\nofMParguments=\count198
\everyMPshowfont=\toks18
\MPscratchCnt=\count199
\MPscratchDim=\dimen144
\MPnumerator=\count266
\makeMPintoPDFobject=\count267
\everyMPtoPDFconversion=\toks19
)
(C:\Users\Celal\AppData\Local\Programs\MiKTeX\tex/latex/epstopdf-pkg\epstopdf-b
ase.sty
Package: epstopdf-base 2020-01-24 v2.11 Base part for package epstopdf
Package epstopdf-base Info: Redefining graphics rule for `.eps' on input line 4
85.

(C:\Users\Celal\AppData\Local\Programs\MiKTeX\tex/latex/00miktex\epstopdf-sys.c
fg
File: epstopdf-sys.cfg 2021/03/18 v2.0 Configuration of epstopdf for MiKTeX
))
<./images/ksbu.png, id=1, 170.6375pt x 171.64125pt>
File: ./images/ksbu.png Graphic file (type png)
<use ./images/ksbu.png>
Package pdftex.def Info: ./images/ksbu.png  used on input line 17.
(pdftex.def)             Requested size: 170.63707pt x 171.64081pt.
 [1

{C:/Users/Celal/AppData/Local/MiKTeX/fonts/map/pdftex/pdftex.map} <./images/ksb
u.png>]
LaTeX Font Info:    External font `cmex10' loaded for size
(Font)              <14.4> on input line 20.
LaTeX Font Info:    External font `cmex10' loaded for size
(Font)              <7> on input line 20.
 [2]
<./images/hastalikdunya.png, id=12, 943.72575pt x 443.85825pt>
File: ./images/hastalikdunya.png Graphic file (type png)
<use ./images/hastalikdunya.png>
Package pdftex.def Info: ./images/hastalikdunya.png  used on input line 39.
(pdftex.def)             Requested size: 943.72345pt x 443.85715pt.

Underfull \hbox (badness 10000) in paragraph at lines 39--42
[][]
 []

[3 <./images/hastalikdunya.png>]
<./images/dogruluk.png, id=18, 516.12825pt x 233.07076pt>
File: ./images/dogruluk.png Graphic file (type png)
<use ./images/dogruluk.png>
Package pdftex.def Info: ./images/dogruluk.png  used on input line 63.
(pdftex.def)             Requested size: 516.12698pt x 233.07018pt.
 [4 <./images/dogruluk.png>]
<./images/gantt.png, id=23, 1139.457pt x 458.9145pt>
File: ./images/gantt.png Graphic file (type png)
<use ./images/gantt.png>
Package pdftex.def Info: ./images/gantt.png  used on input line 72.
(pdftex.def)             Requested size: 390.0pt x 157.07222pt.

(template_Article.bbl [5 <./images/gantt.png>]
Overfull \hbox (50.29404pt too wide) in paragraph at lines 7--10
\OT1/cmr/m/n/12 ``https://www.arcgis.com/apps/dashboards/bda7594740fd4029942346
7b48e9ecf6,'' 
 []

) [6] (template_Article.aux)
 ***********
LaTeX2e <2023-11-01> patch level 1
L3 programming layer <2024-01-04>
 ***********
 ) 
Here is how much of TeX's memory you used:
 1432 strings out of 474485
 24215 string characters out of 5743734
 1931542 words of memory out of 5000000
 23755 multiletter control sequences out of 15000+600000
 560839 words of font info for 45 fonts, out of 8000000 for 9000
 1141 hyphenation exceptions out of 8191
 57i,9n,65p,1549b,252s stack positions out of 10000i,1000n,20000p,200000b,200000s
<C:/Users/Celal/AppData/Local/Programs/MiKTeX/fonts/type1/public/amsfonts/cm/
cmbx12.pfb><C:/Users/Celal/AppData/Local/Programs/MiKTeX/fonts/type1/public/ams
fonts/cm/cmr12.pfb><C:/Users/Celal/AppData/Local/Programs/MiKTeX/fonts/type1/pu
blic/amsfonts/cm/cmr17.pfb><C:/Users/Celal/AppData/Local/Programs/MiKTeX/fonts/
type1/public/amsfonts/cm/cmti12.pfb>
Output written on template_Article.pdf (6 pages, 368534 bytes).
PDF statistics:
 49 PDF objects out of 1000 (max. 8388607)
 0 named destinations out of 1000 (max. 500000)
 21 words of extra memory for PDF output out of 10000 (max. 10000000)

